[0130/211025.967:ERROR:audio_rtp_receiver.cc(89)] AudioRtpReceiver::OnSetVolume: No audio channel exists.
[0130/211025.968:WARNING:used_ids.h(55)] Duplicate id found. Reassigning from 104 to 127
[0130/211025.968:WARNING:used_ids.h(55)] Duplicate id found. Reassigning from 102 to 125
[0130/211025.968:WARNING:used_ids.h(55)] Duplicate id found. Reassigning from 104 to 124
[0130/211025.968:WARNING:used_ids.h(55)] Duplicate id found. Reassigning from 106 to 123
[0130/211025.968:WARNING:used_ids.h(55)] Duplicate id found. Reassigning from 103 to 122
[0130/211025.968:WARNING:used_ids.h(55)] Duplicate id found. Reassigning from 105 to 121
[0130/211025.968:WARNING:used_ids.h(55)] Duplicate id found. Reassigning from 109 to 120
[0130/211025.968:WARNING:used_ids.h(55)] Duplicate id found. Reassigning from 1 to 14
[0130/211025.968:WARNING:used_ids.h(55)] Duplicate id found. Reassigning from 3 to 13
[0130/211025.968:WARNING:used_ids.h(55)] Duplicate id found. Reassigning from 5 to 12
[0130/211025.968:WARNING:used_ids.h(55)] Duplicate id found. Reassigning from 6 to 11
[0130/211041.401:ERROR:audio_rtp_receiver.cc(89)] AudioRtpReceiver::OnSetVolume: No audio channel exists.
[0130/211041.401:WARNING:used_ids.h(55)] Duplicate id found. Reassigning from 104 to 127
[0130/211041.401:WARNING:used_ids.h(55)] Duplicate id found. Reassigning from 102 to 125
[0130/211041.401:WARNING:used_ids.h(55)] Duplicate id found. Reassigning from 104 to 124
[0130/211041.401:WARNING:used_ids.h(55)] Duplicate id found. Reassigning from 106 to 123
[0130/211041.401:WARNING:used_ids.h(55)] Duplicate id found. Reassigning from 103 to 122
[0130/211041.401:WARNING:used_ids.h(55)] Duplicate id found. Reassigning from 105 to 121
[0130/211041.401:WARNING:used_ids.h(55)] Duplicate id found. Reassigning from 109 to 120
[0130/211041.401:WARNING:used_ids.h(55)] Duplicate id found. Reassigning from 1 to 14
[0130/211041.401:WARNING:used_ids.h(55)] Duplicate id found. Reassigning from 3 to 13
[0130/211041.401:WARNING:used_ids.h(55)] Duplicate id found. Reassigning from 5 to 12
[0130/211041.401:WARNING:used_ids.h(55)] Duplicate id found. Reassigning from 6 to 11
[0130/211056.694:ERROR:batching_media_log.cc(38)] MediaEvent: {"error":"FFmpegDemuxer: no supported streams"}
[0130/211056.694:ERROR:batching_media_log.cc(35)] MediaEvent: {"pipeline_error":14}
[0130/211057.470:ERROR:batching_media_log.cc(38)] MediaEvent: {"error":"FFmpegDemuxer: no supported streams"}
[0130/211057.470:ERROR:batching_media_log.cc(35)] MediaEvent: {"pipeline_error":14}
[0130/211125.612:ERROR:ssl_client_socket_impl.cc(959)] handshake failed; returned -1, SSL error code 1, net_error -101
[0130/211125.883:ERROR:ssl_client_socket_impl.cc(959)] handshake failed; returned -1, SSL error code 1, net_error -101
[0130/211144.724:ERROR:ssl_client_socket_impl.cc(959)] handshake failed; returned -1, SSL error code 1, net_error -101
[0130/211145.156:ERROR:ssl_client_socket_impl.cc(959)] handshake failed; returned -1, SSL error code 1, net_error -101
[0130/211145.207:ERROR:ssl_client_socket_impl.cc(959)] handshake failed; returned -1, SSL error code 1, net_error -101
[0130/211145.648:ERROR:ssl_client_socket_impl.cc(959)] handshake failed; returned -1, SSL error code 1, net_error -101
[0130/211223.601:ERROR:ssl_client_socket_impl.cc(959)] handshake failed; returned -1, SSL error code 1, net_error -101
[0130/211224.467:ERROR:ssl_client_socket_impl.cc(959)] handshake failed; returned -1, SSL error code 1, net_error -101
[0130/211337.582:ERROR:ssl_client_socket_impl.cc(959)] handshake failed; returned -1, SSL error code 1, net_error -101
[0130/211337.966:ERROR:ssl_client_socket_impl.cc(959)] handshake failed; returned -1, SSL error code 1, net_error -101
[0130/211610.567:ERROR:ssl_client_socket_impl.cc(959)] handshake failed; returned -1, SSL error code 1, net_error -101
[0130/211611.002:ERROR:ssl_client_socket_impl.cc(959)] handshake failed; returned -1, SSL error code 1, net_error -101
